<?xml version="1.0" encoding="UTF-8"?>
<testng-results ignored="0" total="3" passed="3" failed="0" skipped="0">
  <reporter-output>
  </reporter-output>
  <suite started-at="2024-03-02T15:04:59 IST" name="Suite" finished-at="2024-03-02T15:06:03 IST" duration-ms="63692">
    <groups>
    </groups>
    <test started-at="2024-03-02T15:04:59 IST" name="Test" finished-at="2024-03-02T15:06:03 IST" duration-ms="63692">
      <class name="testScripts.FormAutomationScript">
        <test-method signature="atestTwo()[pri:0, instance:testScripts.FormAutomationScript@1649b0e6]" started-at="2024-03-02T15:04:59 IST" name="atestTwo" finished-at="2024-03-02T15:05:32 IST" duration-ms="32142" status="PASS">
          <reporter-output>
          </reporter-output>
        </test-method> <!-- atestTwo -->
        <test-method signature="btestOne()[pri:0, instance:testScripts.FormAutomationScript@1649b0e6]" started-at="2024-03-02T15:05:32 IST" name="btestOne" finished-at="2024-03-02T15:05:48 IST" duration-ms="16085" status="PASS">
          <reporter-output>
          </reporter-output>
        </test-method> <!-- btestOne -->
        <test-method signature="testThree()[pri:0, instance:testScripts.FormAutomationScript@1649b0e6]" started-at="2024-03-02T15:05:48 IST" name="testThree" finished-at="2024-03-02T15:06:03 IST" duration-ms="15432" status="PASS">
          <reporter-output>
          </reporter-output>
        </test-method> <!-- testThree -->
      </class> <!-- testScripts.FormAutomationScript -->
    </test> <!-- Test -->
  </suite> <!-- Suite -->
</testng-results>
